2015-10-24 17:27:09 Error: [Cake\Routing\Exception\MissingControllerException] Controller class Css could not be found.
Exception Attributes: array (
  'class' => 'Css',
  'plugin' => NULL,
  'prefix' => NULL,
  '_ext' => NULL,
)
Request URL: /myblog/css/bootstrap.min.css
Stack Trace:
#0 C:\xampp\htdocs\myblog\webroot\index.php(37): Cake\Routing\Dispatcher->dispatch(Object(Cake\Network\Request), Object(Cake\Network\Response))
#1 {main}


2015-10-24 17:27:09 Error: [Cake\Routing\Exception\MissingControllerException] Controller class FontAwesome could not be found.
Exception Attributes: array (
  'class' => 'FontAwesome',
  'plugin' => NULL,
  'prefix' => NULL,
  '_ext' => NULL,
)
Request URL: /myblog/font-awesome/css/font-awesome.min.css
Stack Trace:
#0 C:\xampp\htdocs\myblog\webroot\index.php(37): Cake\Routing\Dispatcher->dispatch(Object(Cake\Network\Request), Object(Cake\Network\Response))
#1 {main}


2015-10-24 17:27:10 Error: [Cake\Routing\Exception\MissingControllerException] Controller class Js could not be found.
Exception Attributes: array (
  'class' => 'Js',
  'plugin' => NULL,
  'prefix' => NULL,
  '_ext' => NULL,
)
Request URL: /myblog/js/jquery.js
Stack Trace:
#0 C:\xampp\htdocs\myblog\webroot\index.php(37): Cake\Routing\Dispatcher->dispatch(Object(Cake\Network\Request), Object(Cake\Network\Response))
#1 {main}


2015-10-24 17:27:10 Error: [Cake\Routing\Exception\MissingControllerException] Controller class Js could not be found.
Exception Attributes: array (
  'class' => 'Js',
  'plugin' => NULL,
  'prefix' => NULL,
  '_ext' => NULL,
)
Request URL: /myblog/js/bootstrap.min.js
Stack Trace:
#0 C:\xampp\htdocs\myblog\webroot\index.php(37): Cake\Routing\Dispatcher->dispatch(Object(Cake\Network\Request), Object(Cake\Network\Response))
#1 {main}


2015-10-24 17:27:10 Error: [Cake\Routing\Exception\MissingControllerException] Controller class Css could not be found.
Exception Attributes: array (
  'class' => 'Css',
  'plugin' => NULL,
  'prefix' => NULL,
  '_ext' => NULL,
)
Request URL: /myblog/css/sb-admin.css
Stack Trace:
#0 C:\xampp\htdocs\myblog\webroot\index.php(37): Cake\Routing\Dispatcher->dispatch(Object(Cake\Network\Request), Object(Cake\Network\Response))
#1 {main}


2015-10-24 17:27:11 Error: [Cake\Routing\Exception\MissingControllerException] Controller class Css could not be found.
Exception Attributes: array (
  'class' => 'Css',
  'plugin' => NULL,
  'prefix' => NULL,
  '_ext' => NULL,
)
Request URL: /myblog/css/plugins/morris.css
Stack Trace:
#0 C:\xampp\htdocs\myblog\webroot\index.php(37): Cake\Routing\Dispatcher->dispatch(Object(Cake\Network\Request), Object(Cake\Network\Response))
#1 {main}


2015-10-24 17:27:11 Error: [Cake\Routing\Exception\MissingControllerException] Controller class Js could not be found.
Exception Attributes: array (
  'class' => 'Js',
  'plugin' => NULL,
  'prefix' => NULL,
  '_ext' => NULL,
)
Request URL: /myblog/js/plugins/morris/raphael.min.js
Stack Trace:
#0 C:\xampp\htdocs\myblog\webroot\index.php(37): Cake\Routing\Dispatcher->dispatch(Object(Cake\Network\Request), Object(Cake\Network\Response))
#1 {main}


2015-10-24 17:27:11 Error: [Cake\Routing\Exception\MissingControllerException] Controller class Js could not be found.
Exception Attributes: array (
  'class' => 'Js',
  'plugin' => NULL,
  'prefix' => NULL,
  '_ext' => NULL,
)
Request URL: /myblog/js/plugins/morris/morris.min.js
Stack Trace:
#0 C:\xampp\htdocs\myblog\webroot\index.php(37): Cake\Routing\Dispatcher->dispatch(Object(Cake\Network\Request), Object(Cake\Network\Response))
#1 {main}


2015-10-24 17:27:12 Error: [Cake\Routing\Exception\MissingControllerException] Controller class Js could not be found.
Exception Attributes: array (
  'class' => 'Js',
  'plugin' => NULL,
  'prefix' => NULL,
  '_ext' => NULL,
)
Request URL: /myblog/js/plugins/morris/morris-data.js
Stack Trace:
#0 C:\xampp\htdocs\myblog\webroot\index.php(37): Cake\Routing\Dispatcher->dispatch(Object(Cake\Network\Request), Object(Cake\Network\Response))
#1 {main}


2015-10-24 17:27:43 Error: [Cake\Routing\Exception\MissingControllerException] Controller class Css could not be found.
Exception Attributes: array (
  'class' => 'Css',
  'plugin' => NULL,
  'prefix' => NULL,
  '_ext' => NULL,
)
Request URL: /myblog/css/sb-admin.css
Stack Trace:
#0 C:\xampp\htdocs\myblog\webroot\index.php(37): Cake\Routing\Dispatcher->dispatch(Object(Cake\Network\Request), Object(Cake\Network\Response))
#1 {main}


2015-10-24 17:27:44 Error: [Cake\Routing\Exception\MissingControllerException] Controller class Css could not be found.
Exception Attributes: array (
  'class' => 'Css',
  'plugin' => NULL,
  'prefix' => NULL,
  '_ext' => NULL,
)
Request URL: /myblog/css/plugins/morris.css
Stack Trace:
#0 C:\xampp\htdocs\myblog\webroot\index.php(37): Cake\Routing\Dispatcher->dispatch(Object(Cake\Network\Request), Object(Cake\Network\Response))
#1 {main}


2015-10-24 17:27:44 Error: [Cake\Routing\Exception\MissingControllerException] Controller class Css could not be found.
Exception Attributes: array (
  'class' => 'Css',
  'plugin' => NULL,
  'prefix' => NULL,
  '_ext' => NULL,
)
Request URL: /myblog/css/bootstrap.min.css
Stack Trace:
#0 C:\xampp\htdocs\myblog\webroot\index.php(37): Cake\Routing\Dispatcher->dispatch(Object(Cake\Network\Request), Object(Cake\Network\Response))
#1 {main}


2015-10-24 17:27:44 Error: [Cake\Routing\Exception\MissingControllerException] Controller class Js could not be found.
Exception Attributes: array (
  'class' => 'Js',
  'plugin' => NULL,
  'prefix' => NULL,
  '_ext' => NULL,
)
Request URL: /myblog/js/plugins/morris/raphael.min.js
Stack Trace:
#0 C:\xampp\htdocs\myblog\webroot\index.php(37): Cake\Routing\Dispatcher->dispatch(Object(Cake\Network\Request), Object(Cake\Network\Response))
#1 {main}


2015-10-24 17:27:45 Error: [Cake\Routing\Exception\MissingControllerException] Controller class Js could not be found.
Exception Attributes: array (
  'class' => 'Js',
  'plugin' => NULL,
  'prefix' => NULL,
  '_ext' => NULL,
)
Request URL: /myblog/js/jquery.js
Stack Trace:
#0 C:\xampp\htdocs\myblog\webroot\index.php(37): Cake\Routing\Dispatcher->dispatch(Object(Cake\Network\Request), Object(Cake\Network\Response))
#1 {main}


2015-10-24 17:27:45 Error: [Cake\Routing\Exception\MissingControllerException] Controller class Js could not be found.
Exception Attributes: array (
  'class' => 'Js',
  'plugin' => NULL,
  'prefix' => NULL,
  '_ext' => NULL,
)
Request URL: /myblog/js/bootstrap.min.js
Stack Trace:
#0 C:\xampp\htdocs\myblog\webroot\index.php(37): Cake\Routing\Dispatcher->dispatch(Object(Cake\Network\Request), Object(Cake\Network\Response))
#1 {main}


2015-10-24 17:27:46 Error: [Cake\Routing\Exception\MissingControllerException] Controller class FontAwesome could not be found.
Exception Attributes: array (
  'class' => 'FontAwesome',
  'plugin' => NULL,
  'prefix' => NULL,
  '_ext' => NULL,
)
Request URL: /myblog/font-awesome/css/font-awesome.min.css
Stack Trace:
#0 C:\xampp\htdocs\myblog\webroot\index.php(37): Cake\Routing\Dispatcher->dispatch(Object(Cake\Network\Request), Object(Cake\Network\Response))
#1 {main}


2015-10-24 17:27:46 Error: [Cake\Routing\Exception\MissingControllerException] Controller class Js could not be found.
Exception Attributes: array (
  'class' => 'Js',
  'plugin' => NULL,
  'prefix' => NULL,
  '_ext' => NULL,
)
Request URL: /myblog/js/plugins/morris/morris.min.js
Stack Trace:
#0 C:\xampp\htdocs\myblog\webroot\index.php(37): Cake\Routing\Dispatcher->dispatch(Object(Cake\Network\Request), Object(Cake\Network\Response))
#1 {main}


2015-10-24 17:27:46 Error: [Cake\Routing\Exception\MissingControllerException] Controller class Js could not be found.
Exception Attributes: array (
  'class' => 'Js',
  'plugin' => NULL,
  'prefix' => NULL,
  '_ext' => NULL,
)
Request URL: /myblog/js/plugins/morris/raphael.min.js
Stack Trace:
#0 C:\xampp\htdocs\myblog\webroot\index.php(37): Cake\Routing\Dispatcher->dispatch(Object(Cake\Network\Request), Object(Cake\Network\Response))
#1 {main}


2015-10-24 17:27:47 Error: [Cake\Routing\Exception\MissingControllerException] Controller class Js could not be found.
Exception Attributes: array (
  'class' => 'Js',
  'plugin' => NULL,
  'prefix' => NULL,
  '_ext' => NULL,
)
Request URL: /myblog/js/plugins/morris/morris-data.js
Stack Trace:
#0 C:\xampp\htdocs\myblog\webroot\index.php(37): Cake\Routing\Dispatcher->dispatch(Object(Cake\Network\Request), Object(Cake\Network\Response))
#1 {main}


2015-10-24 17:27:47 Error: [Cake\Routing\Exception\MissingControllerException] Controller class Js could not be found.
Exception Attributes: array (
  'class' => 'Js',
  'plugin' => NULL,
  'prefix' => NULL,
  '_ext' => NULL,
)
Request URL: /myblog/js/plugins/morris/morris.min.js
Stack Trace:
#0 C:\xampp\htdocs\myblog\webroot\index.php(37): Cake\Routing\Dispatcher->dispatch(Object(Cake\Network\Request), Object(Cake\Network\Response))
#1 {main}


2015-10-24 17:27:47 Error: [Cake\Routing\Exception\MissingControllerException] Controller class Js could not be found.
Exception Attributes: array (
  'class' => 'Js',
  'plugin' => NULL,
  'prefix' => NULL,
  '_ext' => NULL,
)
Request URL: /myblog/js/plugins/morris/morris-data.js
Stack Trace:
#0 C:\xampp\htdocs\myblog\webroot\index.php(37): Cake\Routing\Dispatcher->dispatch(Object(Cake\Network\Request), Object(Cake\Network\Response))
#1 {main}


2015-10-24 17:32:30 Error: [Cake\Routing\Exception\MissingControllerException] Controller class Js could not be found.
Exception Attributes: array (
  'class' => 'Js',
  'plugin' => NULL,
  'prefix' => NULL,
  '_ext' => NULL,
)
Request URL: /myblog/js/jquery.js
Stack Trace:
#0 C:\xampp\htdocs\myblog\webroot\index.php(37): Cake\Routing\Dispatcher->dispatch(Object(Cake\Network\Request), Object(Cake\Network\Response))
#1 {main}


2015-10-24 17:32:30 Error: [Cake\Routing\Exception\MissingControllerException] Controller class Js could not be found.
Exception Attributes: array (
  'class' => 'Js',
  'plugin' => NULL,
  'prefix' => NULL,
  '_ext' => NULL,
)
Request URL: /myblog/js/plugins/morris/morris.min.js
Stack Trace:
#0 C:\xampp\htdocs\myblog\webroot\index.php(37): Cake\Routing\Dispatcher->dispatch(Object(Cake\Network\Request), Object(Cake\Network\Response))
#1 {main}


2015-10-24 17:32:30 Error: [Cake\Routing\Exception\MissingControllerException] Controller class Js could not be found.
Exception Attributes: array (
  'class' => 'Js',
  'plugin' => NULL,
  'prefix' => NULL,
  '_ext' => NULL,
)
Request URL: /myblog/js/plugins/morris/morris-data.js
Stack Trace:
#0 C:\xampp\htdocs\myblog\webroot\index.php(37): Cake\Routing\Dispatcher->dispatch(Object(Cake\Network\Request), Object(Cake\Network\Response))
#1 {main}


2015-10-24 17:32:31 Error: [Cake\Routing\Exception\MissingControllerException] Controller class Js could not be found.
Exception Attributes: array (
  'class' => 'Js',
  'plugin' => NULL,
  'prefix' => NULL,
  '_ext' => NULL,
)
Request URL: /myblog/js/bootstrap.min.js
Stack Trace:
#0 C:\xampp\htdocs\myblog\webroot\index.php(37): Cake\Routing\Dispatcher->dispatch(Object(Cake\Network\Request), Object(Cake\Network\Response))
#1 {main}


2015-10-24 17:32:31 Error: [Cake\Routing\Exception\MissingControllerException] Controller class Js could not be found.
Exception Attributes: array (
  'class' => 'Js',
  'plugin' => NULL,
  'prefix' => NULL,
  '_ext' => NULL,
)
Request URL: /myblog/js/plugins/morris/raphael.min.js
Stack Trace:
#0 C:\xampp\htdocs\myblog\webroot\index.php(37): Cake\Routing\Dispatcher->dispatch(Object(Cake\Network\Request), Object(Cake\Network\Response))
#1 {main}


2015-10-24 17:32:32 Error: [Cake\Routing\Exception\MissingControllerException] Controller class Css could not be found.
Exception Attributes: array (
  'class' => 'Css',
  'plugin' => NULL,
  'prefix' => NULL,
  '_ext' => NULL,
)
Request URL: /myblog/css/admin/css/bootstrap.min.csss.css
Stack Trace:
#0 C:\xampp\htdocs\myblog\webroot\index.php(37): Cake\Routing\Dispatcher->dispatch(Object(Cake\Network\Request), Object(Cake\Network\Response))
#1 {main}


2015-10-24 17:32:32 Error: [Cake\Routing\Exception\MissingControllerException] Controller class Js could not be found.
Exception Attributes: array (
  'class' => 'Js',
  'plugin' => NULL,
  'prefix' => NULL,
  '_ext' => NULL,
)
Request URL: /myblog/js/plugins/morris/morris.min.js
Stack Trace:
#0 C:\xampp\htdocs\myblog\webroot\index.php(37): Cake\Routing\Dispatcher->dispatch(Object(Cake\Network\Request), Object(Cake\Network\Response))
#1 {main}


2015-10-24 17:32:33 Error: [Cake\Routing\Exception\MissingControllerException] Controller class Js could not be found.
Exception Attributes: array (
  'class' => 'Js',
  'plugin' => NULL,
  'prefix' => NULL,
  '_ext' => NULL,
)
Request URL: /myblog/js/plugins/morris/morris-data.js
Stack Trace:
#0 C:\xampp\htdocs\myblog\webroot\index.php(37): Cake\Routing\Dispatcher->dispatch(Object(Cake\Network\Request), Object(Cake\Network\Response))
#1 {main}


2015-10-24 17:35:47 Error: [Cake\Routing\Exception\MissingControllerException] Controller class Js could not be found.
Exception Attributes: array (
  'class' => 'Js',
  'plugin' => NULL,
  'prefix' => NULL,
  '_ext' => NULL,
)
Request URL: /myblog/js/js/bootstrap.min.js
Stack Trace:
#0 C:\xampp\htdocs\myblog\webroot\index.php(37): Cake\Routing\Dispatcher->dispatch(Object(Cake\Network\Request), Object(Cake\Network\Response))
#1 {main}


2015-10-24 17:35:47 Error: [Cake\Routing\Exception\MissingControllerException] Controller class Css could not be found.
Exception Attributes: array (
  'class' => 'Css',
  'plugin' => NULL,
  'prefix' => NULL,
  '_ext' => NULL,
)
Request URL: /myblog/css/admin/css/bootstrap.min.csss.css
Stack Trace:
#0 C:\xampp\htdocs\myblog\webroot\index.php(37): Cake\Routing\Dispatcher->dispatch(Object(Cake\Network\Request), Object(Cake\Network\Response))
#1 {main}


2015-10-24 17:35:48 Error: [Cake\Routing\Exception\MissingControllerException] Controller class Js could not be found.
Exception Attributes: array (
  'class' => 'Js',
  'plugin' => NULL,
  'prefix' => NULL,
  '_ext' => NULL,
)
Request URL: /myblog/js/js/bootstrap.min.js
Stack Trace:
#0 C:\xampp\htdocs\myblog\webroot\index.php(37): Cake\Routing\Dispatcher->dispatch(Object(Cake\Network\Request), Object(Cake\Network\Response))
#1 {main}


2015-10-24 17:35:57 Error: [Cake\Routing\Exception\MissingControllerException] Controller class Css could not be found.
Exception Attributes: array (
  'class' => 'Css',
  'plugin' => NULL,
  'prefix' => NULL,
  '_ext' => NULL,
)
Request URL: /myblog/css/admin/css/bootstrap.min.csss.css
Stack Trace:
#0 C:\xampp\htdocs\myblog\webroot\index.php(37): Cake\Routing\Dispatcher->dispatch(Object(Cake\Network\Request), Object(Cake\Network\Response))
#1 {main}


2015-10-24 17:35:57 Error: [Cake\Routing\Exception\MissingControllerException] Controller class Js could not be found.
Exception Attributes: array (
  'class' => 'Js',
  'plugin' => NULL,
  'prefix' => NULL,
  '_ext' => NULL,
)
Request URL: /myblog/js/js/bootstrap.min.js
Stack Trace:
#0 C:\xampp\htdocs\myblog\webroot\index.php(37): Cake\Routing\Dispatcher->dispatch(Object(Cake\Network\Request), Object(Cake\Network\Response))
#1 {main}


2015-10-24 17:38:06 Error: [Cake\Routing\Exception\MissingControllerException] Controller class Css could not be found.
Exception Attributes: array (
  'class' => 'Css',
  'plugin' => NULL,
  'prefix' => NULL,
  '_ext' => NULL,
)
Request URL: /myblog/css/admin/css/bootstrap.min.csss.css
Stack Trace:
#0 C:\xampp\htdocs\myblog\webroot\index.php(37): Cake\Routing\Dispatcher->dispatch(Object(Cake\Network\Request), Object(Cake\Network\Response))
#1 {main}


2015-10-24 17:38:06 Error: [Cake\Routing\Exception\MissingControllerException] Controller class Js could not be found.
Exception Attributes: array (
  'class' => 'Js',
  'plugin' => NULL,
  'prefix' => NULL,
  '_ext' => NULL,
)
Request URL: /myblog/js/js/bootstrap.min.js
Stack Trace:
#0 C:\xampp\htdocs\myblog\webroot\index.php(37): Cake\Routing\Dispatcher->dispatch(Object(Cake\Network\Request), Object(Cake\Network\Response))
#1 {main}


2015-10-24 17:38:12 Error: [Cake\Routing\Exception\MissingControllerException] Controller class BootstrapGrid.html could not be found.
Exception Attributes: array (
  'class' => 'BootstrapGrid.html',
  'plugin' => NULL,
  'prefix' => NULL,
  '_ext' => NULL,
)
Request URL: /myblog/bootstrap-grid.html
Stack Trace:
#0 C:\xampp\htdocs\myblog\webroot\index.php(37): Cake\Routing\Dispatcher->dispatch(Object(Cake\Network\Request), Object(Cake\Network\Response))
#1 {main}


2015-10-24 17:42:22 Error: [Cake\Routing\Exception\MissingControllerException] Controller class Js could not be found.
Exception Attributes: array (
  'class' => 'Js',
  'plugin' => NULL,
  'prefix' => NULL,
  '_ext' => NULL,
)
Request URL: /myblog/js/js/bootstrap.min.js
Stack Trace:
#0 C:\xampp\htdocs\myblog\webroot\index.php(37): Cake\Routing\Dispatcher->dispatch(Object(Cake\Network\Request), Object(Cake\Network\Response))
#1 {main}


2015-10-24 17:47:04 Error: [Cake\Routing\Exception\MissingControllerException] Controller class Js could not be found.
Exception Attributes: array (
  'class' => 'Js',
  'plugin' => NULL,
  'prefix' => NULL,
  '_ext' => NULL,
)
Request URL: /myblog/js/js/bootstrap.min.js
Stack Trace:
#0 C:\xampp\htdocs\myblog\webroot\index.php(37): Cake\Routing\Dispatcher->dispatch(Object(Cake\Network\Request), Object(Cake\Network\Response))
#1 {main}


2015-10-24 17:47:07 Error: [Cake\Routing\Exception\MissingControllerException] Controller class Index.html could not be found.
Exception Attributes: array (
  'class' => 'Index.html',
  'plugin' => NULL,
  'prefix' => NULL,
  '_ext' => NULL,
)
Request URL: /myblog/index.html
Stack Trace:
#0 C:\xampp\htdocs\myblog\webroot\index.php(37): Cake\Routing\Dispatcher->dispatch(Object(Cake\Network\Request), Object(Cake\Network\Response))
#1 {main}


2015-10-24 17:47:50 Error: [Cake\Routing\Exception\MissingControllerException] Controller class Js could not be found.
Exception Attributes: array (
  'class' => 'Js',
  'plugin' => NULL,
  'prefix' => NULL,
  '_ext' => NULL,
)
Request URL: /myblog/js/js/bootstrap.min.js
Stack Trace:
#0 C:\xampp\htdocs\myblog\webroot\index.php(37): Cake\Routing\Dispatcher->dispatch(Object(Cake\Network\Request), Object(Cake\Network\Response))
#1 {main}


2015-10-24 17:54:03 Error: [Cake\Routing\Exception\MissingControllerException] Controller class Js could not be found.
Exception Attributes: array (
  'class' => 'Js',
  'plugin' => NULL,
  'prefix' => NULL,
  '_ext' => NULL,
)
Request URL: /myblog/js/js/bootstrap.min.js
Stack Trace:
#0 C:\xampp\htdocs\myblog\webroot\index.php(37): Cake\Routing\Dispatcher->dispatch(Object(Cake\Network\Request), Object(Cake\Network\Response))
#1 {main}


2015-10-24 17:54:11 Error: [Cake\Routing\Exception\MissingControllerException] Controller class Js could not be found.
Exception Attributes: array (
  'class' => 'Js',
  'plugin' => NULL,
  'prefix' => NULL,
  '_ext' => NULL,
)
Request URL: /myblog/js/js/bootstrap.min.js
Stack Trace:
#0 C:\xampp\htdocs\myblog\webroot\index.php(37): Cake\Routing\Dispatcher->dispatch(Object(Cake\Network\Request), Object(Cake\Network\Response))
#1 {main}


2015-10-24 17:55:48 Error: [Cake\Routing\Exception\MissingControllerException] Controller class Js could not be found.
Request URL: /myblog/js/js/bootstrap.min.js
Stack Trace:
#0 C:\xampp\htdocs\myblog\webroot\index.php(37): Cake\Routing\Dispatcher->dispatch(Object(Cake\Network\Request), Object(Cake\Network\Response))
#1 {main}


2015-10-24 17:56:02 Error: [Cake\Routing\Exception\MissingControllerException] Controller class Js could not be found.
Exception Attributes: array (
  'class' => 'Js',
  'plugin' => NULL,
  'prefix' => NULL,
  '_ext' => NULL,
)
Request URL: /myblog/js/js/bootstrap.min.js
Stack Trace:
#0 C:\xampp\htdocs\myblog\webroot\index.php(37): Cake\Routing\Dispatcher->dispatch(Object(Cake\Network\Request), Object(Cake\Network\Response))
#1 {main}


2015-10-24 18:35:45 Error: [Cake\Routing\Exception\MissingControllerException] Controller class Js could not be found.
Exception Attributes: array (
  'class' => 'Js',
  'plugin' => NULL,
  'prefix' => NULL,
  '_ext' => NULL,
)
Request URL: /myblog/js/js/bootstrap.min.js
Stack Trace:
#0 C:\xampp\htdocs\myblog\webroot\index.php(37): Cake\Routing\Dispatcher->dispatch(Object(Cake\Network\Request), Object(Cake\Network\Response))
#1 {main}


2015-10-24 18:36:03 Error: [Cake\Routing\Exception\MissingControllerException] Controller class Js could not be found.
Exception Attributes: array (
  'class' => 'Js',
  'plugin' => NULL,
  'prefix' => NULL,
  '_ext' => NULL,
)
Request URL: /myblog/js/js/bootstrap.min.js
Stack Trace:
#0 C:\xampp\htdocs\myblog\webroot\index.php(37): Cake\Routing\Dispatcher->dispatch(Object(Cake\Network\Request), Object(Cake\Network\Response))
#1 {main}


2015-10-24 18:49:21 Error: [Cake\Routing\Exception\MissingControllerException] Controller class Js could not be found.
Exception Attributes: array (
  'class' => 'Js',
  'plugin' => NULL,
  'prefix' => NULL,
  '_ext' => NULL,
)
Request URL: /myblog/js/js/bootstrap.min.js
Stack Trace:
#0 C:\xampp\htdocs\myblog\webroot\index.php(37): Cake\Routing\Dispatcher->dispatch(Object(Cake\Network\Request), Object(Cake\Network\Response))
#1 {main}


2015-10-24 18:50:28 Error: [Cake\Routing\Exception\MissingControllerException] Controller class Js could not be found.
Exception Attributes: array (
  'class' => 'Js',
  'plugin' => NULL,
  'prefix' => NULL,
  '_ext' => NULL,
)
Request URL: /myblog/js/js/bootstrap.min.js
Stack Trace:
#0 C:\xampp\htdocs\myblog\webroot\index.php(37): Cake\Routing\Dispatcher->dispatch(Object(Cake\Network\Request), Object(Cake\Network\Response))
#1 {main}


2015-10-24 18:50:33 Error: [Cake\Controller\Exception\MissingActionException] Action UsersController::index.html() could not be found, or is not accessible.
Exception Attributes: array (
  'controller' => 'UsersController',
  'action' => 'index.html',
  'prefix' => '',
  'plugin' => NULL,
)
Request URL: /myblog/users/index.html
Stack Trace:
#0 C:\xampp\htdocs\myblog\vendor\cakephp\cakephp\src\Routing\Dispatcher.php(114): Cake\Controller\Controller->invokeAction()
#1 C:\xampp\htdocs\myblog\vendor\cakephp\cakephp\src\Routing\Dispatcher.php(87): Cake\Routing\Dispatcher->_invoke(Object(App\Controller\UsersController))
#2 C:\xampp\htdocs\myblog\webroot\index.php(37): Cake\Routing\Dispatcher->dispatch(Object(Cake\Network\Request), Object(Cake\Network\Response))
#3 {main}


2015-10-24 18:51:08 Error: [Cake\Routing\Exception\MissingControllerException] Controller class Js could not be found.
Exception Attributes: array (
  'class' => 'Js',
  'plugin' => NULL,
  'prefix' => NULL,
  '_ext' => NULL,
)
Request URL: /myblog/js/js/bootstrap.min.js
Stack Trace:
#0 C:\xampp\htdocs\myblog\webroot\index.php(37): Cake\Routing\Dispatcher->dispatch(Object(Cake\Network\Request), Object(Cake\Network\Response))
#1 {main}


2015-10-24 18:52:54 Error: [Cake\Routing\Exception\MissingControllerException] Controller class Js could not be found.
Exception Attributes: array (
  'class' => 'Js',
  'plugin' => NULL,
  'prefix' => NULL,
  '_ext' => NULL,
)
Request URL: /myblog/js/js/bootstrap.min.js
Stack Trace:
#0 C:\xampp\htdocs\myblog\webroot\index.php(37): Cake\Routing\Dispatcher->dispatch(Object(Cake\Network\Request), Object(Cake\Network\Response))
#1 {main}


2015-10-24 19:05:18 Error: [Cake\Routing\Exception\MissingControllerException] Controller class Js could not be found.
Exception Attributes: array (
  'class' => 'Js',
  'plugin' => NULL,
  'prefix' => NULL,
  '_ext' => NULL,
)
Request URL: /myblog/js/js/bootstrap.min.js
Stack Trace:
#0 C:\xampp\htdocs\myblog\webroot\index.php(37): Cake\Routing\Dispatcher->dispatch(Object(Cake\Network\Request), Object(Cake\Network\Response))
#1 {main}


2015-10-24 19:08:07 Error: [Cake\Routing\Exception\MissingControllerException] Controller class Js could not be found.
Exception Attributes: array (
  'class' => 'Js',
  'plugin' => NULL,
  'prefix' => NULL,
  '_ext' => NULL,
)
Request URL: /myblog/js/js/bootstrap.min.js
Stack Trace:
#0 C:\xampp\htdocs\myblog\webroot\index.php(37): Cake\Routing\Dispatcher->dispatch(Object(Cake\Network\Request), Object(Cake\Network\Response))
#1 {main}


2015-10-24 19:08:41 Error: [Cake\Routing\Exception\MissingControllerException] Controller class Js could not be found.
Exception Attributes: array (
  'class' => 'Js',
  'plugin' => NULL,
  'prefix' => NULL,
  '_ext' => NULL,
)
Request URL: /myblog/js/js/bootstrap.min.js
Stack Trace:
#0 C:\xampp\htdocs\myblog\webroot\index.php(37): Cake\Routing\Dispatcher->dispatch(Object(Cake\Network\Request), Object(Cake\Network\Response))
#1 {main}


2015-10-24 19:08:47 Error: [Cake\Controller\Exception\MissingActionException] Action UsersController::index.html() could not be found, or is not accessible.
Exception Attributes: array (
  'controller' => 'UsersController',
  'action' => 'index.html',
  'prefix' => '',
  'plugin' => NULL,
)
Request URL: /myblog/users/index.html
Stack Trace:
#0 C:\xampp\htdocs\myblog\vendor\cakephp\cakephp\src\Routing\Dispatcher.php(114): Cake\Controller\Controller->invokeAction()
#1 C:\xampp\htdocs\myblog\vendor\cakephp\cakephp\src\Routing\Dispatcher.php(87): Cake\Routing\Dispatcher->_invoke(Object(App\Controller\UsersController))
#2 C:\xampp\htdocs\myblog\webroot\index.php(37): Cake\Routing\Dispatcher->dispatch(Object(Cake\Network\Request), Object(Cake\Network\Response))
#3 {main}


2015-10-24 19:09:14 Error: [Cake\Routing\Exception\MissingControllerException] Controller class Js could not be found.
Exception Attributes: array (
  'class' => 'Js',
  'plugin' => NULL,
  'prefix' => NULL,
  '_ext' => NULL,
)
Request URL: /myblog/js/js/bootstrap.min.js
Stack Trace:
#0 C:\xampp\htdocs\myblog\webroot\index.php(37): Cake\Routing\Dispatcher->dispatch(Object(Cake\Network\Request), Object(Cake\Network\Response))
#1 {main}


2015-10-24 19:12:34 Error: [Cake\Routing\Exception\MissingControllerException] Controller class Js could not be found.
Exception Attributes: array (
  'class' => 'Js',
  'plugin' => NULL,
  'prefix' => NULL,
  '_ext' => NULL,
)
Request URL: /myblog/js/js/bootstrap.min.js
Stack Trace:
#0 C:\xampp\htdocs\myblog\webroot\index.php(37): Cake\Routing\Dispatcher->dispatch(Object(Cake\Network\Request), Object(Cake\Network\Response))
#1 {main}


2015-10-24 19:12:58 Error: [Cake\Routing\Exception\MissingControllerException] Controller class Js could not be found.
Exception Attributes: array (
  'class' => 'Js',
  'plugin' => NULL,
  'prefix' => NULL,
  '_ext' => NULL,
)
Request URL: /myblog/js/js/bootstrap.min.js
Stack Trace:
#0 C:\xampp\htdocs\myblog\webroot\index.php(37): Cake\Routing\Dispatcher->dispatch(Object(Cake\Network\Request), Object(Cake\Network\Response))
#1 {main}


2015-10-24 19:13:18 Error: [Cake\Routing\Exception\MissingControllerException] Controller class Js could not be found.
Exception Attributes: array (
  'class' => 'Js',
  'plugin' => NULL,
  'prefix' => NULL,
  '_ext' => NULL,
)
Request URL: /myblog/js/js/bootstrap.min.js
Stack Trace:
#0 C:\xampp\htdocs\myblog\webroot\index.php(37): Cake\Routing\Dispatcher->dispatch(Object(Cake\Network\Request), Object(Cake\Network\Response))
#1 {main}


2015-10-24 19:13:37 Error: [Cake\Routing\Exception\MissingControllerException] Controller class Js could not be found.
Exception Attributes: array (
  'class' => 'Js',
  'plugin' => NULL,
  'prefix' => NULL,
  '_ext' => NULL,
)
Request URL: /myblog/js/js/bootstrap.min.js
Stack Trace:
#0 C:\xampp\htdocs\myblog\webroot\index.php(37): Cake\Routing\Dispatcher->dispatch(Object(Cake\Network\Request), Object(Cake\Network\Response))
#1 {main}


2015-10-24 19:13:54 Error: [Cake\Routing\Exception\MissingControllerException] Controller class Js could not be found.
Exception Attributes: array (
  'class' => 'Js',
  'plugin' => NULL,
  'prefix' => NULL,
  '_ext' => NULL,
)
Request URL: /myblog/js/js/bootstrap.min.js
Stack Trace:
#0 C:\xampp\htdocs\myblog\webroot\index.php(37): Cake\Routing\Dispatcher->dispatch(Object(Cake\Network\Request), Object(Cake\Network\Response))
#1 {main}


2015-10-24 19:14:37 Error: [Cake\Routing\Exception\MissingControllerException] Controller class Js could not be found.
Exception Attributes: array (
  'class' => 'Js',
  'plugin' => NULL,
  'prefix' => NULL,
  '_ext' => NULL,
)
Request URL: /myblog/js/js/bootstrap.min.js
Stack Trace:
#0 C:\xampp\htdocs\myblog\webroot\index.php(37): Cake\Routing\Dispatcher->dispatch(Object(Cake\Network\Request), Object(Cake\Network\Response))
#1 {main}


2015-10-24 19:16:38 Error: [Cake\Routing\Exception\MissingControllerException] Controller class Js could not be found.
Exception Attributes: array (
  'class' => 'Js',
  'plugin' => NULL,
  'prefix' => NULL,
  '_ext' => NULL,
)
Request URL: /myblog/js/js/bootstrap.min.js
Stack Trace:
#0 C:\xampp\htdocs\myblog\webroot\index.php(37): Cake\Routing\Dispatcher->dispatch(Object(Cake\Network\Request), Object(Cake\Network\Response))
#1 {main}


2015-10-24 19:17:13 Error: [Cake\Routing\Exception\MissingControllerException] Controller class Js could not be found.
Exception Attributes: array (
  'class' => 'Js',
  'plugin' => NULL,
  'prefix' => NULL,
  '_ext' => NULL,
)
Request URL: /myblog/js/js/bootstrap.min.js
Stack Trace:
#0 C:\xampp\htdocs\myblog\webroot\index.php(37): Cake\Routing\Dispatcher->dispatch(Object(Cake\Network\Request), Object(Cake\Network\Response))
#1 {main}


2015-10-24 19:18:46 Error: Fatal Error (4): syntax error, unexpected '=', expecting ']' in [C:\xampp\htdocs\myblog\src\Template\Users\login.ctp, line 21]
Trace:
Cake\Error\BaseErrorHandler::handleFatalError() - CORE\src\Error\BaseErrorHandler.php, line 191
Cake\Error\BaseErrorHandler::Cake\Error\{closure}() - CORE\src\Error\BaseErrorHandler.php, line 90
[main] - [internal], line ??



2015-10-24 19:18:46 Error: [Cake\Error\FatalErrorException] syntax error, unexpected '=', expecting ']'
Request URL: /myblog/users/login
Stack Trace:
#0 C:\xampp\htdocs\myblog\vendor\cakephp\cakephp\src\Error\BaseErrorHandler.php(90): Cake\Error\BaseErrorHandler->handleFatalError(4, 'syntax error, u...', 'C:\\xampp\\htdocs...', 21)
#1 [internal function]: Cake\Error\BaseErrorHandler->Cake\Error\{closure}()
#2 {main}


2015-10-24 19:19:02 Error: [Cake\Routing\Exception\MissingControllerException] Controller class Js could not be found.
Exception Attributes: array (
  'class' => 'Js',
  'plugin' => NULL,
  'prefix' => NULL,
  '_ext' => NULL,
)
Request URL: /myblog/js/js/bootstrap.min.js
Stack Trace:
#0 C:\xampp\htdocs\myblog\webroot\index.php(37): Cake\Routing\Dispatcher->dispatch(Object(Cake\Network\Request), Object(Cake\Network\Response))
#1 {main}


2015-10-24 19:19:28 Error: [Cake\Routing\Exception\MissingControllerException] Controller class Js could not be found.
Exception Attributes: array (
  'class' => 'Js',
  'plugin' => NULL,
  'prefix' => NULL,
  '_ext' => NULL,
)
Request URL: /myblog/js/js/bootstrap.min.js
Stack Trace:
#0 C:\xampp\htdocs\myblog\webroot\index.php(37): Cake\Routing\Dispatcher->dispatch(Object(Cake\Network\Request), Object(Cake\Network\Response))
#1 {main}


2015-10-24 19:20:44 Error: [Cake\Routing\Exception\MissingControllerException] Controller class Js could not be found.
Exception Attributes: array (
  'class' => 'Js',
  'plugin' => NULL,
  'prefix' => NULL,
  '_ext' => NULL,
)
Request URL: /myblog/js/js/bootstrap.min.js
Stack Trace:
#0 C:\xampp\htdocs\myblog\webroot\index.php(37): Cake\Routing\Dispatcher->dispatch(Object(Cake\Network\Request), Object(Cake\Network\Response))
#1 {main}


2015-10-24 19:23:04 Error: [Cake\Routing\Exception\MissingControllerException] Controller class Js could not be found.
Exception Attributes: array (
  'class' => 'Js',
  'plugin' => NULL,
  'prefix' => NULL,
  '_ext' => NULL,
)
Request URL: /myblog/js/js/bootstrap.min.js
Stack Trace:
#0 C:\xampp\htdocs\myblog\webroot\index.php(37): Cake\Routing\Dispatcher->dispatch(Object(Cake\Network\Request), Object(Cake\Network\Response))
#1 {main}


2015-10-24 19:23:51 Error: [Cake\Routing\Exception\MissingControllerException] Controller class Js could not be found.
Exception Attributes: array (
  'class' => 'Js',
  'plugin' => NULL,
  'prefix' => NULL,
  '_ext' => NULL,
)
Request URL: /myblog/js/js/bootstrap.min.js
Stack Trace:
#0 C:\xampp\htdocs\myblog\webroot\index.php(37): Cake\Routing\Dispatcher->dispatch(Object(Cake\Network\Request), Object(Cake\Network\Response))
#1 {main}


2015-10-24 19:25:33 Error: [Cake\Routing\Exception\MissingControllerException] Controller class Js could not be found.
Exception Attributes: array (
  'class' => 'Js',
  'plugin' => NULL,
  'prefix' => NULL,
  '_ext' => NULL,
)
Request URL: /myblog/js/js/bootstrap.min.js
Stack Trace:
#0 C:\xampp\htdocs\myblog\webroot\index.php(37): Cake\Routing\Dispatcher->dispatch(Object(Cake\Network\Request), Object(Cake\Network\Response))
#1 {main}


2015-10-24 19:27:43 Error: [Cake\Routing\Exception\MissingControllerException] Controller class Js could not be found.
Exception Attributes: array (
  'class' => 'Js',
  'plugin' => NULL,
  'prefix' => NULL,
  '_ext' => NULL,
)
Request URL: /myblog/js/js/bootstrap.min.js
Stack Trace:
#0 C:\xampp\htdocs\myblog\webroot\index.php(37): Cake\Routing\Dispatcher->dispatch(Object(Cake\Network\Request), Object(Cake\Network\Response))
#1 {main}


2015-10-24 19:30:05 Error: [Cake\Routing\Exception\MissingControllerException] Controller class Js could not be found.
Exception Attributes: array (
  'class' => 'Js',
  'plugin' => NULL,
  'prefix' => NULL,
  '_ext' => NULL,
)
Request URL: /myblog/js/js/bootstrap.min.js
Stack Trace:
#0 C:\xampp\htdocs\myblog\webroot\index.php(37): Cake\Routing\Dispatcher->dispatch(Object(Cake\Network\Request), Object(Cake\Network\Response))
#1 {main}


2015-10-24 19:30:27 Error: [Cake\Routing\Exception\MissingControllerException] Controller class Js could not be found.
Exception Attributes: array (
  'class' => 'Js',
  'plugin' => NULL,
  'prefix' => NULL,
  '_ext' => NULL,
)
Request URL: /myblog/js/js/bootstrap.min.js
Stack Trace:
#0 C:\xampp\htdocs\myblog\webroot\index.php(37): Cake\Routing\Dispatcher->dispatch(Object(Cake\Network\Request), Object(Cake\Network\Response))
#1 {main}


2015-10-24 19:33:21 Error: [Cake\Routing\Exception\MissingControllerException] Controller class Js could not be found.
Exception Attributes: array (
  'class' => 'Js',
  'plugin' => NULL,
  'prefix' => NULL,
  '_ext' => NULL,
)
Request URL: /myblog/js/js/bootstrap.min.js
Stack Trace:
#0 C:\xampp\htdocs\myblog\webroot\index.php(37): Cake\Routing\Dispatcher->dispatch(Object(Cake\Network\Request), Object(Cake\Network\Response))
#1 {main}


2015-10-24 19:33:33 Error: [Cake\Routing\Exception\MissingControllerException] Controller class Js could not be found.
Exception Attributes: array (
  'class' => 'Js',
  'plugin' => NULL,
  'prefix' => NULL,
  '_ext' => NULL,
)
Request URL: /myblog/js/js/bootstrap.min.js
Stack Trace:
#0 C:\xampp\htdocs\myblog\webroot\index.php(37): Cake\Routing\Dispatcher->dispatch(Object(Cake\Network\Request), Object(Cake\Network\Response))
#1 {main}


2015-10-24 19:34:43 Error: [Cake\Routing\Exception\MissingControllerException] Controller class Js could not be found.
Exception Attributes: array (
  'class' => 'Js',
  'plugin' => NULL,
  'prefix' => NULL,
  '_ext' => NULL,
)
Request URL: /myblog/js/js/bootstrap.min.js
Stack Trace:
#0 C:\xampp\htdocs\myblog\webroot\index.php(37): Cake\Routing\Dispatcher->dispatch(Object(Cake\Network\Request), Object(Cake\Network\Response))
#1 {main}


2015-10-24 19:45:40 Error: [Cake\Routing\Exception\MissingControllerException] Controller class Js could not be found.
Exception Attributes: array (
  'class' => 'Js',
  'plugin' => NULL,
  'prefix' => NULL,
  '_ext' => NULL,
)
Request URL: /myblog/js/js/bootstrap.min.js
Stack Trace:
#0 C:\xampp\htdocs\myblog\webroot\index.php(37): Cake\Routing\Dispatcher->dispatch(Object(Cake\Network\Request), Object(Cake\Network\Response))
#1 {main}


2015-10-24 19:47:41 Error: [Cake\Routing\Exception\MissingControllerException] Controller class Js could not be found.
Exception Attributes: array (
  'class' => 'Js',
  'plugin' => NULL,
  'prefix' => NULL,
  '_ext' => NULL,
)
Request URL: /myblog/js/js/bootstrap.min.js
Stack Trace:
#0 C:\xampp\htdocs\myblog\webroot\index.php(37): Cake\Routing\Dispatcher->dispatch(Object(Cake\Network\Request), Object(Cake\Network\Response))
#1 {main}


2015-10-25 17:09:38 Error: [Cake\Routing\Exception\MissingControllerException] Controller class Js could not be found.
Exception Attributes: array (
  'class' => 'Js',
  'plugin' => NULL,
  'prefix' => NULL,
  '_ext' => NULL,
)
Request URL: /myblog/js/js/bootstrap.min.js
Stack Trace:
#0 C:\xampp\htdocs\myblog\webroot\index.php(37): Cake\Routing\Dispatcher->dispatch(Object(Cake\Network\Request), Object(Cake\Network\Response))
#1 {main}


2015-10-25 18:09:13 Warning: Warning (4096): Argument 1 passed to App\Controller\UsersController::beforeFilter() must be an instance of App\Controller\Event, instance of Cake\Event\Event given, called in C:\xampp\htdocs\myblog\vendor\cakephp\cakephp\src\Event\EventManager.php on line 385 and defined in [C:\xampp\htdocs\myblog\src\Controller\UsersController.php, line 23]
Trace:
Cake\Error\BaseErrorHandler::handleError() - CORE\src\Error\BaseErrorHandler.php, line 138
App\Controller\UsersController::beforeFilter() - APP/Controller\UsersController.php, line 23
Cake\Event\EventManager::_callListener() - CORE\src\Event\EventManager.php, line 385
Cake\Event\EventManager::dispatch() - CORE\src\Event\EventManager.php, line 355
Cake\Controller\Controller::dispatchEvent() - CORE\src\Event\EventDispatcherTrait.php, line 78
Cake\Controller\Controller::startupProcess() - CORE\src\Controller\Controller.php, line 491
Cake\Routing\Dispatcher::_invoke() - CORE\src\Routing\Dispatcher.php, line 109
Cake\Routing\Dispatcher::dispatch() - CORE\src\Routing\Dispatcher.php, line 87
[main] - ROOT\webroot\index.php, line 37



2015-10-25 18:09:14 Error: [Cake\Routing\Exception\MissingControllerException] Controller class Js could not be found.
Exception Attributes: array (
  'class' => 'Js',
  'plugin' => NULL,
  'prefix' => NULL,
  '_ext' => NULL,
)
Request URL: /myblog/js/js/bootstrap.min.js
Stack Trace:
#0 C:\xampp\htdocs\myblog\webroot\index.php(37): Cake\Routing\Dispatcher->dispatch(Object(Cake\Network\Request), Object(Cake\Network\Response))
#1 {main}


2015-10-25 18:09:29 Warning: Warning (4096): Argument 1 passed to App\Controller\UsersController::beforeFilter() must be an instance of App\Controller\Event, instance of Cake\Event\Event given, called in C:\xampp\htdocs\myblog\vendor\cakephp\cakephp\src\Event\EventManager.php on line 385 and defined in [C:\xampp\htdocs\myblog\src\Controller\UsersController.php, line 23]
Trace:
Cake\Error\BaseErrorHandler::handleError() - CORE\src\Error\BaseErrorHandler.php, line 138
App\Controller\UsersController::beforeFilter() - APP/Controller\UsersController.php, line 23
Cake\Event\EventManager::_callListener() - CORE\src\Event\EventManager.php, line 385
Cake\Event\EventManager::dispatch() - CORE\src\Event\EventManager.php, line 355
Cake\Controller\Controller::dispatchEvent() - CORE\src\Event\EventDispatcherTrait.php, line 78
Cake\Controller\Controller::startupProcess() - CORE\src\Controller\Controller.php, line 491
Cake\Routing\Dispatcher::_invoke() - CORE\src\Routing\Dispatcher.php, line 109
Cake\Routing\Dispatcher::dispatch() - CORE\src\Routing\Dispatcher.php, line 87
[main] - ROOT\webroot\index.php, line 37



2015-10-25 18:09:30 Error: [Cake\Routing\Exception\MissingControllerException] Controller class Js could not be found.
Exception Attributes: array (
  'class' => 'Js',
  'plugin' => NULL,
  'prefix' => NULL,
  '_ext' => NULL,
)
Request URL: /myblog/js/js/bootstrap.min.js
Stack Trace:
#0 C:\xampp\htdocs\myblog\webroot\index.php(37): Cake\Routing\Dispatcher->dispatch(Object(Cake\Network\Request), Object(Cake\Network\Response))
#1 {main}


2015-10-25 18:10:23 Error: [Cake\Routing\Exception\MissingControllerException] Controller class Js could not be found.
Exception Attributes: array (
  'class' => 'Js',
  'plugin' => NULL,
  'prefix' => NULL,
  '_ext' => NULL,
)
Request URL: /myblog/js/js/bootstrap.min.js
Stack Trace:
#0 C:\xampp\htdocs\myblog\webroot\index.php(37): Cake\Routing\Dispatcher->dispatch(Object(Cake\Network\Request), Object(Cake\Network\Response))
#1 {main}


2015-10-25 18:10:38 Error: [Cake\Routing\Exception\MissingControllerException] Controller class Js could not be found.
Exception Attributes: array (
  'class' => 'Js',
  'plugin' => NULL,
  'prefix' => NULL,
  '_ext' => NULL,
)
Request URL: /myblog/js/js/bootstrap.min.js
Stack Trace:
#0 C:\xampp\htdocs\myblog\webroot\index.php(37): Cake\Routing\Dispatcher->dispatch(Object(Cake\Network\Request), Object(Cake\Network\Response))
#1 {main}


2015-10-25 18:10:44 Error: [Cake\Routing\Exception\MissingControllerException] Controller class Js could not be found.
Exception Attributes: array (
  'class' => 'Js',
  'plugin' => NULL,
  'prefix' => NULL,
  '_ext' => NULL,
)
Request URL: /myblog/js/js/bootstrap.min.js
Stack Trace:
#0 C:\xampp\htdocs\myblog\webroot\index.php(37): Cake\Routing\Dispatcher->dispatch(Object(Cake\Network\Request), Object(Cake\Network\Response))
#1 {main}


2015-10-25 18:10:55 Error: [Cake\Routing\Exception\MissingControllerException] Controller class Js could not be found.
Exception Attributes: array (
  'class' => 'Js',
  'plugin' => NULL,
  'prefix' => NULL,
  '_ext' => NULL,
)
Request URL: /myblog/js/js/bootstrap.min.js
Stack Trace:
#0 C:\xampp\htdocs\myblog\webroot\index.php(37): Cake\Routing\Dispatcher->dispatch(Object(Cake\Network\Request), Object(Cake\Network\Response))
#1 {main}


2015-10-25 18:11:05 Error: [Cake\Routing\Exception\MissingControllerException] Controller class Js could not be found.
Exception Attributes: array (
  'class' => 'Js',
  'plugin' => NULL,
  'prefix' => NULL,
  '_ext' => NULL,
)
Request URL: /myblog/js/js/bootstrap.min.js
Stack Trace:
#0 C:\xampp\htdocs\myblog\webroot\index.php(37): Cake\Routing\Dispatcher->dispatch(Object(Cake\Network\Request), Object(Cake\Network\Response))
#1 {main}


2015-10-25 18:11:36 Error: [Cake\Routing\Exception\MissingControllerException] Controller class Js could not be found.
Exception Attributes: array (
  'class' => 'Js',
  'plugin' => NULL,
  'prefix' => NULL,
  '_ext' => NULL,
)
Request URL: /myblog/js/js/bootstrap.min.js
Stack Trace:
#0 C:\xampp\htdocs\myblog\webroot\index.php(37): Cake\Routing\Dispatcher->dispatch(Object(Cake\Network\Request), Object(Cake\Network\Response))
#1 {main}


2015-10-25 18:11:48 Error: [Cake\Routing\Exception\MissingControllerException] Controller class Js could not be found.
Exception Attributes: array (
  'class' => 'Js',
  'plugin' => NULL,
  'prefix' => NULL,
  '_ext' => NULL,
)
Request URL: /myblog/js/js/bootstrap.min.js
Stack Trace:
#0 C:\xampp\htdocs\myblog\webroot\index.php(37): Cake\Routing\Dispatcher->dispatch(Object(Cake\Network\Request), Object(Cake\Network\Response))
#1 {main}


2015-10-25 18:13:27 Error: [Cake\Routing\Exception\MissingControllerException] Controller class Js could not be found.
Exception Attributes: array (
  'class' => 'Js',
  'plugin' => NULL,
  'prefix' => NULL,
  '_ext' => NULL,
)
Request URL: /myblog/js/js/bootstrap.min.js
Stack Trace:
#0 C:\xampp\htdocs\myblog\webroot\index.php(37): Cake\Routing\Dispatcher->dispatch(Object(Cake\Network\Request), Object(Cake\Network\Response))
#1 {main}


2015-10-25 18:13:35 Error: [Cake\Routing\Exception\MissingControllerException] Controller class Js could not be found.
Exception Attributes: array (
  'class' => 'Js',
  'plugin' => NULL,
  'prefix' => NULL,
  '_ext' => NULL,
)
Request URL: /myblog/js/js/bootstrap.min.js
Stack Trace:
#0 C:\xampp\htdocs\myblog\webroot\index.php(37): Cake\Routing\Dispatcher->dispatch(Object(Cake\Network\Request), Object(Cake\Network\Response))
#1 {main}


2015-10-25 18:15:09 Error: [Cake\Routing\Exception\MissingControllerException] Controller class Js could not be found.
Exception Attributes: array (
  'class' => 'Js',
  'plugin' => NULL,
  'prefix' => NULL,
  '_ext' => NULL,
)
Request URL: /myblog/js/js/bootstrap.min.js
Stack Trace:
#0 C:\xampp\htdocs\myblog\webroot\index.php(37): Cake\Routing\Dispatcher->dispatch(Object(Cake\Network\Request), Object(Cake\Network\Response))
#1 {main}


2015-10-25 18:18:47 Error: [Cake\Routing\Exception\MissingControllerException] Controller class Js could not be found.
Exception Attributes: array (
  'class' => 'Js',
  'plugin' => NULL,
  'prefix' => NULL,
  '_ext' => NULL,
)
Request URL: /myblog/js/js/bootstrap.min.js
Stack Trace:
#0 C:\xampp\htdocs\myblog\webroot\index.php(37): Cake\Routing\Dispatcher->dispatch(Object(Cake\Network\Request), Object(Cake\Network\Response))
#1 {main}


2015-10-25 18:18:53 Error: [Cake\Routing\Exception\MissingControllerException] Controller class Js could not be found.
Exception Attributes: array (
  'class' => 'Js',
  'plugin' => NULL,
  'prefix' => NULL,
  '_ext' => NULL,
)
Request URL: /myblog/js/js/bootstrap.min.js
Stack Trace:
#0 C:\xampp\htdocs\myblog\webroot\index.php(37): Cake\Routing\Dispatcher->dispatch(Object(Cake\Network\Request), Object(Cake\Network\Response))
#1 {main}


2015-10-25 18:18:56 Error: [Cake\Routing\Exception\MissingControllerException] Controller class Js could not be found.
Exception Attributes: array (
  'class' => 'Js',
  'plugin' => NULL,
  'prefix' => NULL,
  '_ext' => NULL,
)
Request URL: /myblog/js/js/bootstrap.min.js
Stack Trace:
#0 C:\xampp\htdocs\myblog\webroot\index.php(37): Cake\Routing\Dispatcher->dispatch(Object(Cake\Network\Request), Object(Cake\Network\Response))
#1 {main}


2015-10-25 18:18:58 Error: [Cake\Routing\Exception\MissingControllerException] Controller class Js could not be found.
Exception Attributes: array (
  'class' => 'Js',
  'plugin' => NULL,
  'prefix' => NULL,
  '_ext' => NULL,
)
Request URL: /myblog/js/js/bootstrap.min.js
Stack Trace:
#0 C:\xampp\htdocs\myblog\webroot\index.php(37): Cake\Routing\Dispatcher->dispatch(Object(Cake\Network\Request), Object(Cake\Network\Response))
#1 {main}


2015-10-25 18:19:00 Error: [Cake\Routing\Exception\MissingControllerException] Controller class Js could not be found.
Exception Attributes: array (
  'class' => 'Js',
  'plugin' => NULL,
  'prefix' => NULL,
  '_ext' => NULL,
)
Request URL: /myblog/js/js/bootstrap.min.js
Stack Trace:
#0 C:\xampp\htdocs\myblog\webroot\index.php(37): Cake\Routing\Dispatcher->dispatch(Object(Cake\Network\Request), Object(Cake\Network\Response))
#1 {main}


2015-10-25 18:21:15 Error: [Cake\Routing\Exception\MissingControllerException] Controller class Js could not be found.
Exception Attributes: array (
  'class' => 'Js',
  'plugin' => NULL,
  'prefix' => NULL,
  '_ext' => NULL,
)
Request URL: /myblog/js/js/bootstrap.min.js
Stack Trace:
#0 C:\xampp\htdocs\myblog\webroot\index.php(37): Cake\Routing\Dispatcher->dispatch(Object(Cake\Network\Request), Object(Cake\Network\Response))
#1 {main}


2015-10-25 18:21:23 Error: [Cake\Routing\Exception\MissingControllerException] Controller class Js could not be found.
Exception Attributes: array (
  'class' => 'Js',
  'plugin' => NULL,
  'prefix' => NULL,
  '_ext' => NULL,
)
Request URL: /myblog/js/js/bootstrap.min.js
Stack Trace:
#0 C:\xampp\htdocs\myblog\webroot\index.php(37): Cake\Routing\Dispatcher->dispatch(Object(Cake\Network\Request), Object(Cake\Network\Response))
#1 {main}


2015-10-25 18:21:29 Error: [Cake\Routing\Exception\MissingControllerException] Controller class Js could not be found.
Exception Attributes: array (
  'class' => 'Js',
  'plugin' => NULL,
  'prefix' => NULL,
  '_ext' => NULL,
)
Request URL: /myblog/js/js/bootstrap.min.js
Stack Trace:
#0 C:\xampp\htdocs\myblog\webroot\index.php(37): Cake\Routing\Dispatcher->dispatch(Object(Cake\Network\Request), Object(Cake\Network\Response))
#1 {main}


2015-10-25 18:21:32 Error: [Cake\Routing\Exception\MissingControllerException] Controller class Js could not be found.
Exception Attributes: array (
  'class' => 'Js',
  'plugin' => NULL,
  'prefix' => NULL,
  '_ext' => NULL,
)
Request URL: /myblog/js/js/bootstrap.min.js
Stack Trace:
#0 C:\xampp\htdocs\myblog\webroot\index.php(37): Cake\Routing\Dispatcher->dispatch(Object(Cake\Network\Request), Object(Cake\Network\Response))
#1 {main}


2015-10-25 18:21:36 Error: [Cake\Routing\Exception\MissingControllerException] Controller class Js could not be found.
Exception Attributes: array (
  'class' => 'Js',
  'plugin' => NULL,
  'prefix' => NULL,
  '_ext' => NULL,
)
Request URL: /myblog/js/js/bootstrap.min.js
Stack Trace:
#0 C:\xampp\htdocs\myblog\webroot\index.php(37): Cake\Routing\Dispatcher->dispatch(Object(Cake\Network\Request), Object(Cake\Network\Response))
#1 {main}


2015-10-25 18:21:42 Error: [Cake\Routing\Exception\MissingControllerException] Controller class Js could not be found.
Exception Attributes: array (
  'class' => 'Js',
  'plugin' => NULL,
  'prefix' => NULL,
  '_ext' => NULL,
)
Request URL: /myblog/js/js/bootstrap.min.js
Stack Trace:
#0 C:\xampp\htdocs\myblog\webroot\index.php(37): Cake\Routing\Dispatcher->dispatch(Object(Cake\Network\Request), Object(Cake\Network\Response))
#1 {main}


2015-10-25 18:31:32 Error: [Cake\Routing\Exception\MissingControllerException] Controller class Js could not be found.
Exception Attributes: array (
  'class' => 'Js',
  'plugin' => NULL,
  'prefix' => NULL,
  '_ext' => NULL,
)
Request URL: /myblog/js/js/bootstrap.min.js
Stack Trace:
#0 C:\xampp\htdocs\myblog\webroot\index.php(37): Cake\Routing\Dispatcher->dispatch(Object(Cake\Network\Request), Object(Cake\Network\Response))
#1 {main}


2015-10-25 18:33:23 Error: [Cake\Routing\Exception\MissingControllerException] Controller class Js could not be found.
Exception Attributes: array (
  'class' => 'Js',
  'plugin' => NULL,
  'prefix' => NULL,
  '_ext' => NULL,
)
Request URL: /myblog/js/js/bootstrap.min.js
Stack Trace:
#0 C:\xampp\htdocs\myblog\webroot\index.php(37): Cake\Routing\Dispatcher->dispatch(Object(Cake\Network\Request), Object(Cake\Network\Response))
#1 {main}


2015-10-25 18:33:37 Error: [Cake\Routing\Exception\MissingControllerException] Controller class Js could not be found.
Exception Attributes: array (
  'class' => 'Js',
  'plugin' => NULL,
  'prefix' => NULL,
  '_ext' => NULL,
)
Request URL: /myblog/js/js/bootstrap.min.js
Stack Trace:
#0 C:\xampp\htdocs\myblog\webroot\index.php(37): Cake\Routing\Dispatcher->dispatch(Object(Cake\Network\Request), Object(Cake\Network\Response))
#1 {main}


2015-10-25 18:33:44 Error: [Cake\Routing\Exception\MissingControllerException] Controller class Js could not be found.
Exception Attributes: array (
  'class' => 'Js',
  'plugin' => NULL,
  'prefix' => NULL,
  '_ext' => NULL,
)
Request URL: /myblog/js/js/bootstrap.min.js
Stack Trace:
#0 C:\xampp\htdocs\myblog\webroot\index.php(37): Cake\Routing\Dispatcher->dispatch(Object(Cake\Network\Request), Object(Cake\Network\Response))
#1 {main}


2015-10-25 18:39:33 Error: [Cake\Routing\Exception\MissingControllerException] Controller class Js could not be found.
Exception Attributes: array (
  'class' => 'Js',
  'plugin' => NULL,
  'prefix' => NULL,
  '_ext' => NULL,
)
Request URL: /myblog/js/js/bootstrap.min.js
Stack Trace:
#0 C:\xampp\htdocs\myblog\webroot\index.php(37): Cake\Routing\Dispatcher->dispatch(Object(Cake\Network\Request), Object(Cake\Network\Response))
#1 {main}


2015-10-25 18:41:05 Error: [Cake\Routing\Exception\MissingControllerException] Controller class Js could not be found.
Exception Attributes: array (
  'class' => 'Js',
  'plugin' => NULL,
  'prefix' => NULL,
  '_ext' => NULL,
)
Request URL: /myblog/js/js/bootstrap.min.js
Stack Trace:
#0 C:\xampp\htdocs\myblog\webroot\index.php(37): Cake\Routing\Dispatcher->dispatch(Object(Cake\Network\Request), Object(Cake\Network\Response))
#1 {main}


2015-10-25 18:41:12 Error: [Cake\Routing\Exception\MissingControllerException] Controller class Js could not be found.
Exception Attributes: array (
  'class' => 'Js',
  'plugin' => NULL,
  'prefix' => NULL,
  '_ext' => NULL,
)
Request URL: /myblog/js/js/bootstrap.min.js
Stack Trace:
#0 C:\xampp\htdocs\myblog\webroot\index.php(37): Cake\Routing\Dispatcher->dispatch(Object(Cake\Network\Request), Object(Cake\Network\Response))
#1 {main}


2015-10-25 18:42:20 Error: [Cake\Routing\Exception\MissingControllerException] Controller class Js could not be found.
Exception Attributes: array (
  'class' => 'Js',
  'plugin' => NULL,
  'prefix' => NULL,
  '_ext' => NULL,
)
Request URL: /myblog/js/js/bootstrap.min.js
Stack Trace:
#0 C:\xampp\htdocs\myblog\webroot\index.php(37): Cake\Routing\Dispatcher->dispatch(Object(Cake\Network\Request), Object(Cake\Network\Response))
#1 {main}


2015-10-25 19:07:58 Warning: Warning (4096): Argument 3 passed to Cake\View\Helper\HtmlHelper::link() must be of the type array, string given, called in C:\xampp\htdocs\myblog\src\Template\Users\index.ctp on line 116 and defined in [C:\xampp\htdocs\myblog\vendor\cakephp\cakephp\src\View\Helper\HtmlHelper.php, line 333]
Trace:
Cake\Error\BaseErrorHandler::handleError() - CORE\src\Error\BaseErrorHandler.php, line 138
Cake\View\Helper\HtmlHelper::link() - CORE\src\View\Helper\HtmlHelper.php, line 333
include - APP/Template\Users\index.ctp, line 116
Cake\View\View::_evaluate() - CORE\src\View\View.php, line 970
Cake\View\View::_render() - CORE\src\View\View.php, line 930
Cake\View\View::render() - CORE\src\View\View.php, line 578
Cake\Controller\Controller::render() - CORE\src\Controller\Controller.php, line 611
Cake\Routing\Dispatcher::_invoke() - CORE\src\Routing\Dispatcher.php, line 120
Cake\Routing\Dispatcher::dispatch() - CORE\src\Routing\Dispatcher.php, line 87
[main] - ROOT\webroot\index.php, line 37



2015-10-25 19:18:57 Warning: Warning (512): Method Cake\View\Helper\HtmlHelper::li does not exist in [C:\xampp\htdocs\myblog\vendor\cakephp\cakephp\src\View\Helper.php, line 138]
Trace:
Cake\Error\BaseErrorHandler::handleError() - CORE\src\Error\BaseErrorHandler.php, line 138
Cake\View\Helper::__call() - CORE\src\View\Helper.php, line 138
Cake\View\Helper\HtmlHelper::li() - APP/Template\Users\index.ctp, line 113
include - APP/Template\Users\index.ctp, line 113
Cake\View\View::_evaluate() - CORE\src\View\View.php, line 970
Cake\View\View::_render() - CORE\src\View\View.php, line 930
Cake\View\View::render() - CORE\src\View\View.php, line 578
Cake\Controller\Controller::render() - CORE\src\Controller\Controller.php, line 611
Cake\Routing\Dispatcher::_invoke() - CORE\src\Routing\Dispatcher.php, line 120
Cake\Routing\Dispatcher::dispatch() - CORE\src\Routing\Dispatcher.php, line 87
[main] - ROOT\webroot\index.php, line 37



2015-10-25 19:30:02 Error: Fatal Error (4): syntax error, unexpected 'echo' (T_ECHO) in [C:\xampp\htdocs\myblog\src\Template\Users\index.ctp, line 112]
Trace:
Cake\Error\BaseErrorHandler::handleFatalError() - CORE\src\Error\BaseErrorHandler.php, line 191
Cake\Error\BaseErrorHandler::Cake\Error\{closure}() - CORE\src\Error\BaseErrorHandler.php, line 90
[main] - [internal], line ??



2015-10-25 19:30:03 Error: [Cake\Error\FatalErrorException] syntax error, unexpected 'echo' (T_ECHO)
Request URL: /myblog/users/index
Stack Trace:
#0 C:\xampp\htdocs\myblog\vendor\cakephp\cakephp\src\Error\BaseErrorHandler.php(90): Cake\Error\BaseErrorHandler->handleFatalError(4, 'syntax error, u...', 'C:\\xampp\\htdocs...', 112)
#1 [internal function]: Cake\Error\BaseErrorHandler->Cake\Error\{closure}()
#2 {main}


2015-10-31 18:04:10 Error: [Cake\Routing\Exception\MissingControllerException] Controller class Users could not be found.
Request URL: /myblog/users/login
Stack Trace:
#0 C:\xampp\htdocs\myblog\webroot\index.php(37): Cake\Routing\Dispatcher->dispatch(Object(Cake\Network\Request), Object(Cake\Network\Response))
#1 {main}


2015-10-31 18:07:34 Error: Fatal Error (1): Class 'App\Controller\AppController' not found in [C:\xampp\htdocs\myblog\src\Controller\PagesController.php, line 29]
Trace:
Cake\Error\BaseErrorHandler::handleFatalError() - CORE\src\Error\BaseErrorHandler.php, line 191
Cake\Error\BaseErrorHandler::Cake\Error\{closure}() - CORE\src\Error\BaseErrorHandler.php, line 90
[main] - [internal], line ??



2015-10-31 18:07:34 Error: [Cake\Error\FatalErrorException] Class 'App\Controller\AppController' not found
Request URL: /myblog/
Stack Trace:
#0 C:\xampp\htdocs\myblog\vendor\cakephp\cakephp\src\Error\BaseErrorHandler.php(90): Cake\Error\BaseErrorHandler->handleFatalError(1, 'Class 'App\\Cont...', 'C:\\xampp\\htdocs...', 29)
#1 [internal function]: Cake\Error\BaseErrorHandler->Cake\Error\{closure}()
#2 {main}


2015-10-31 18:13:09 Error: [Cake\Routing\Exception\MissingControllerException] Controller class Forms.html could not be found.
Request URL: /myblog/admin/forms.html
Stack Trace:
#0 C:\xampp\htdocs\myblog\webroot\index.php(37): Cake\Routing\Dispatcher->dispatch(Object(Cake\Network\Request), Object(Cake\Network\Response))
#1 {main}


2015-10-31 18:44:45 Error: [Cake\Routing\Exception\MissingControllerException] Controller class Admin could not be found.
Request URL: /myblog/admin
Stack Trace:
#0 C:\xampp\htdocs\myblog\webroot\index.php(37): Cake\Routing\Dispatcher->dispatch(Object(Cake\Network\Request), Object(Cake\Network\Response))
#1 {main}


2015-10-31 18:44:49 Error: [Cake\Routing\Exception\MissingControllerException] Controller class Admin could not be found.
Request URL: /myblog/admin
Stack Trace:
#0 C:\xampp\htdocs\myblog\webroot\index.php(37): Cake\Routing\Dispatcher->dispatch(Object(Cake\Network\Request), Object(Cake\Network\Response))
#1 {main}


